<?xml version="1.0" encoding="UTF-8"?>
<!-- Generated by org.testng.reporters.JUnitReportReporter -->
<testsuite hostname="Jyothi" failures="0" tests="10" name="testrun.testrunner" time="60.607" errors="0" timestamp="2025-01-20T23:14:53 IST" skipped="0">
  <testcase classname="testrun.testrunner" name="runScenario" time="2.581"/>
  <testcase classname="testrun.testrunner" name="runScenario" time="2.486"/>
  <testcase classname="testrun.testrunner" name="runScenario" time="2.255"/>
  <testcase classname="testrun.testrunner" name="runScenario" time="8.096"/>
  <testcase classname="testrun.testrunner" name="runScenario" time="0.163"/>
  <testcase classname="testrun.testrunner" name="runScenario" time="2.498"/>
  <testcase classname="testrun.testrunner" name="runScenario" time="19.436">
    <system-out>
      <![CDATA[No discount available]]>
    </system-out>
  </testcase> <!-- runScenario -->
  <testcase classname="testrun.testrunner" name="runScenario" time="2.159"/>
  <testcase classname="testrun.testrunner" name="runScenario" time="10.613"/>
  <testcase classname="testrun.testrunner" name="runScenario" time="10.320"/>
  <system-out>
    <![CDATA[No discount available]]>
  </system-out>
</testsuite> <!-- testrun.testrunner -->
