<?xml version="1.0" encoding="UTF-8"?>
<!-- Generated by org.testng.reporters.JUnitReportReporter -->
<testsuite hostname="Jyothi" failures="0" tests="9" name="testrun.testrunner" time="47.327" errors="0" timestamp="2025-01-20T15:48:49 IST" skipped="0">
  <testcase classname="testrun.testrunner" name="runScenario" time="2.251"/>
  <testcase classname="testrun.testrunner" name="runScenario" time="10.953"/>
  <testcase classname="testrun.testrunner" name="runScenario" time="2.691"/>
  <testcase classname="testrun.testrunner" name="runScenario" time="2.311"/>
  <testcase classname="testrun.testrunner" name="runScenario" time="9.058"/>
  <testcase classname="testrun.testrunner" name="runScenario" time="2.634"/>
  <testcase classname="testrun.testrunner" name="runScenario" time="0.087"/>
  <testcase classname="testrun.testrunner" name="runScenario" time="14.650">
    <system-out>
      <![CDATA[No discount available]]>
    </system-out>
  </testcase> <!-- runScenario -->
  <testcase classname="testrun.testrunner" name="runScenario" time="2.692"/>
  <system-out>
    <![CDATA[No discount available]]>
  </system-out>
</testsuite> <!-- testrun.testrunner -->
