<?xml version="1.0" encoding="UTF-8"?>
<!-- Generated by org.testng.reporters.JUnitReportReporter -->
<testsuite hostname="Jyothi" failures="0" tests="10" name="testrun.testrunner" time="48.529" errors="0" timestamp="2025-01-21T09:14:49 IST" skipped="0">
  <testcase classname="testrun.testrunner" name="runScenario" time="1.781"/>
  <testcase classname="testrun.testrunner" name="runScenario" time="1.291"/>
  <testcase classname="testrun.testrunner" name="runScenario" time="1.585"/>
  <testcase classname="testrun.testrunner" name="runScenario" time="1.640"/>
  <testcase classname="testrun.testrunner" name="runScenario" time="8.253"/>
  <testcase classname="testrun.testrunner" name="runScenario" time="10.891"/>
  <testcase classname="testrun.testrunner" name="runScenario" time="0.120"/>
  <testcase classname="testrun.testrunner" name="runScenario" time="11.377">
    <system-out>
      <![CDATA[No discount available]]>
    </system-out>
  </testcase> <!-- runScenario -->
  <testcase classname="testrun.testrunner" name="runScenario" time="10.331"/>
  <testcase classname="testrun.testrunner" name="runScenario" time="1.260"/>
  <system-out>
    <![CDATA[No discount available]]>
  </system-out>
</testsuite> <!-- testrun.testrunner -->
